<?xml version="1.0" encoding="UTF-8"?>
<!-- Generated by org.testng.reporters.JUnitReportReporter -->
<testsuite hostname="DESKTOP-92ROU2U" failures="0" tests="1" name="pos.scripts.DemoTest" time="1.193" errors="0" timestamp="30 Jun 2023 11:27:00 GMT" skipped="0">
  <testcase classname="pos.scripts.DemoTest" name="testA" time="1.193"/>
</testsuite> <!-- pos.scripts.DemoTest -->
